03:27:49 **** Build of configuration Release for project MotionTrack ****
make all 
Building file: ../MotionTrack.cpp
Starting C++ compile
"C:/Program Files/Arduino/hardware/tools/avr/bin/avr-g++" -c -g -Os -w -fno-exceptions -ffunction-sections -fdata-sections -MMD -mmcu=atmega2560 -DF_CPU=16000000L -DARDUINO=156-r2 -DARDUINO_AVR_MEGA2560 -DARDUINO_ARCH_AVR    -I"C:\Program Files\Arduino\hardware\arduino\avr\cores\arduino" -I"C:\Program Files\Arduino\hardware\arduino\avr\variants\mega" -I"D:\Github\Arduino\libraries\I2Cdev" -I"C:\Program Files\Arduino\hardware\arduino\avr\libraries\Wire" -I"C:\Program Files\Arduino\hardware\arduino\avr\libraries\Wire\utility" -I"D:\Github\Arduino\libraries\CommunicationUtils" -I"D:\Github\Arduino\libraries\AHRS" -I"D:\Github\Arduino\libraries\MPU6050" -MMD -MP -MF"MotionTrack.cpp.d" -MT"MotionTrack.cpp.d" -D__IN_ECLIPSE__=1 -x c++ "../MotionTrack.cpp"  -o  "MotionTrack.cpp.o"
Finished building: ../MotionTrack.cpp
 
Building file: C:/Program Files/Arduino/hardware/arduino/avr/libraries/Wire/utility/twi.c
Starting C compile
"C:/Program Files/Arduino/hardware/tools/avr/bin/avr-gcc" -c -g -Os -w -ffunction-sections -fdata-sections -MMD -mmcu=atmega2560 -DF_CPU=16000000L -DARDUINO=156-r2 -DARDUINO_AVR_MEGA2560 -DARDUINO_ARCH_AVR    -I"C:\Program Files\Arduino\hardware\arduino\avr\cores\arduino" -I"C:\Program Files\Arduino\hardware\arduino\avr\variants\mega" -I"D:\Github\Arduino\libraries\I2Cdev" -I"C:\Program Files\Arduino\hardware\arduino\avr\libraries\Wire" -I"C:\Program Files\Arduino\hardware\arduino\avr\libraries\Wire\utility" -I"D:\Github\Arduino\libraries\CommunicationUtils" -I"D:\Github\Arduino\libraries\AHRS" -I"D:\Github\Arduino\libraries\MPU6050" -MMD -MP -MF"Libraries/Wire/utility/twi.c.d" -MT"Libraries/Wire/utility/twi.c.d" -D__IN_ECLIPSE__=1 "C:/Program Files/Arduino/hardware/arduino/avr/libraries/Wire/utility/twi.c"  -o  "Libraries/Wire/utility/twi.c.o"
Finished building: C:/Program Files/Arduino/hardware/arduino/avr/libraries/Wire/utility/twi.c
 
Building file: C:/Program Files/Arduino/hardware/arduino/avr/libraries/Wire/Wire.cpp
Starting C++ compile
"C:/Program Files/Arduino/hardware/tools/avr/bin/avr-g++" -c -g -Os -w -fno-exceptions -ffunction-sections -fdata-sections -MMD -mmcu=atmega2560 -DF_CPU=16000000L -DARDUINO=156-r2 -DARDUINO_AVR_MEGA2560 -DARDUINO_ARCH_AVR    -I"C:\Program Files\Arduino\hardware\arduino\avr\cores\arduino" -I"C:\Program Files\Arduino\hardware\arduino\avr\variants\mega" -I"D:\Github\Arduino\libraries\I2Cdev" -I"C:\Program Files\Arduino\hardware\arduino\avr\libraries\Wire" -I"C:\Program Files\Arduino\hardware\arduino\avr\libraries\Wire\utility" -I"D:\Github\Arduino\libraries\CommunicationUtils" -I"D:\Github\Arduino\libraries\AHRS" -I"D:\Github\Arduino\libraries\MPU6050" -MMD -MP -MF"Libraries/Wire/Wire.cpp.d" -MT"Libraries/Wire/Wire.cpp.d" -D__IN_ECLIPSE__=1 -x c++ "C:/Program Files/Arduino/hardware/arduino/avr/libraries/Wire/Wire.cpp"  -o  "Libraries/Wire/Wire.cpp.o"
Finished building: C:/Program Files/Arduino/hardware/arduino/avr/libraries/Wire/Wire.cpp
 
Building file: D:/Github/Arduino/libraries/MPU6050/MPU6050.cpp
Starting C++ compile
"C:/Program Files/Arduino/hardware/tools/avr/bin/avr-g++" -c -g -Os -w -fno-exceptions -ffunction-sections -fdata-sections -MMD -mmcu=atmega2560 -DF_CPU=16000000L -DARDUINO=156-r2 -DARDUINO_AVR_MEGA2560 -DARDUINO_ARCH_AVR    -I"C:\Program Files\Arduino\hardware\arduino\avr\cores\arduino" -I"C:\Program Files\Arduino\hardware\arduino\avr\variants\mega" -I"D:\Github\Arduino\libraries\I2Cdev" -I"C:\Program Files\Arduino\hardware\arduino\avr\libraries\Wire" -I"C:\Program Files\Arduino\hardware\arduino\avr\libraries\Wire\utility" -I"D:\Github\Arduino\libraries\CommunicationUtils" -I"D:\Github\Arduino\libraries\AHRS" -I"D:\Github\Arduino\libraries\MPU6050" -MMD -MP -MF"Libraries/MPU6050/MPU6050.cpp.d" -MT"Libraries/MPU6050/MPU6050.cpp.d" -D__IN_ECLIPSE__=1 -x c++ "D:/Github/Arduino/libraries/MPU6050/MPU6050.cpp"  -o  "Libraries/MPU6050/MPU6050.cpp.o"
Finished building: D:/Github/Arduino/libraries/MPU6050/MPU6050.cpp
 
Building file: D:/Github/Arduino/libraries/I2Cdev/I2Cdev.cpp
Starting C++ compile
"C:/Program Files/Arduino/hardware/tools/avr/bin/avr-g++" -c -g -Os -w -fno-exceptions -ffunction-sections -fdata-sections -MMD -mmcu=atmega2560 -DF_CPU=16000000L -DARDUINO=156-r2 -DARDUINO_AVR_MEGA2560 -DARDUINO_ARCH_AVR    -I"C:\Program Files\Arduino\hardware\arduino\avr\cores\arduino" -I"C:\Program Files\Arduino\hardware\arduino\avr\variants\mega" -I"D:\Github\Arduino\libraries\I2Cdev" -I"C:\Program Files\Arduino\hardware\arduino\avr\libraries\Wire" -I"C:\Program Files\Arduino\hardware\arduino\avr\libraries\Wire\utility" -I"D:\Github\Arduino\libraries\CommunicationUtils" -I"D:\Github\Arduino\libraries\AHRS" -I"D:\Github\Arduino\libraries\MPU6050" -MMD -MP -MF"Libraries/I2Cdev/I2Cdev.cpp.d" -MT"Libraries/I2Cdev/I2Cdev.cpp.d" -D__IN_ECLIPSE__=1 -x c++ "D:/Github/Arduino/libraries/I2Cdev/I2Cdev.cpp"  -o  "Libraries/I2Cdev/I2Cdev.cpp.o"
Finished building: D:/Github/Arduino/libraries/I2Cdev/I2Cdev.cpp
 
Building file: D:/Github/Arduino/libraries/CommunicationUtils/CommunicationUtils.cpp
Starting C++ compile
"C:/Program Files/Arduino/hardware/tools/avr/bin/avr-g++" -c -g -Os -w -fno-exceptions -ffunction-sections -fdata-sections -MMD -mmcu=atmega2560 -DF_CPU=16000000L -DARDUINO=156-r2 -DARDUINO_AVR_MEGA2560 -DARDUINO_ARCH_AVR    -I"C:\Program Files\Arduino\hardware\arduino\avr\cores\arduino" -I"C:\Program Files\Arduino\hardware\arduino\avr\variants\mega" -I"D:\Github\Arduino\libraries\I2Cdev" -I"C:\Program Files\Arduino\hardware\arduino\avr\libraries\Wire" -I"C:\Program Files\Arduino\hardware\arduino\avr\libraries\Wire\utility" -I"D:\Github\Arduino\libraries\CommunicationUtils" -I"D:\Github\Arduino\libraries\AHRS" -I"D:\Github\Arduino\libraries\MPU6050" -MMD -MP -MF"Libraries/CommunicationUtils/CommunicationUtils.cpp.d" -MT"Libraries/CommunicationUtils/CommunicationUtils.cpp.d" -D__IN_ECLIPSE__=1 -x c++ "D:/Github/Arduino/libraries/CommunicationUtils/CommunicationUtils.cpp"  -o  "Libraries/CommunicationUtils/CommunicationUtils.cpp.o"
Finished building: D:/Github/Arduino/libraries/CommunicationUtils/CommunicationUtils.cpp
 
Building file: D:/Github/Arduino/libraries/AHRS/AHRS.cpp
Starting C++ compile
"C:/Program Files/Arduino/hardware/tools/avr/bin/avr-g++" -c -g -Os -w -fno-exceptions -ffunction-sections -fdata-sections -MMD -mmcu=atmega2560 -DF_CPU=16000000L -DARDUINO=156-r2 -DARDUINO_AVR_MEGA2560 -DARDUINO_ARCH_AVR    -I"C:\Program Files\Arduino\hardware\arduino\avr\cores\arduino" -I"C:\Program Files\Arduino\hardware\arduino\avr\variants\mega" -I"D:\Github\Arduino\libraries\I2Cdev" -I"C:\Program Files\Arduino\hardware\arduino\avr\libraries\Wire" -I"C:\Program Files\Arduino\hardware\arduino\avr\libraries\Wire\utility" -I"D:\Github\Arduino\libraries\CommunicationUtils" -I"D:\Github\Arduino\libraries\AHRS" -I"D:\Github\Arduino\libraries\MPU6050" -MMD -MP -MF"Libraries/AHRS/AHRS.cpp.d" -MT"Libraries/AHRS/AHRS.cpp.d" -D__IN_ECLIPSE__=1 -x c++ "D:/Github/Arduino/libraries/AHRS/AHRS.cpp"  -o  "Libraries/AHRS/AHRS.cpp.o"
Finished building: D:/Github/Arduino/libraries/AHRS/AHRS.cpp
 
Building file: C:/Program Files/Arduino/hardware/arduino/avr/cores/arduino/avr-libc/malloc.c
Starting C compile
"C:/Program Files/Arduino/hardware/tools/avr/bin/avr-gcc" -c -g -Os -w -ffunction-sections -fdata-sections -MMD -mmcu=atmega2560 -DF_CPU=16000000L -DARDUINO=156-r2 -DARDUINO_AVR_MEGA2560 -DARDUINO_ARCH_AVR    -I"C:\Program Files\Arduino\hardware\arduino\avr\cores\arduino" -I"C:\Program Files\Arduino\hardware\arduino\avr\variants\mega" -I"D:\Github\Arduino\libraries\I2Cdev" -I"C:\Program Files\Arduino\hardware\arduino\avr\libraries\Wire" -I"C:\Program Files\Arduino\hardware\arduino\avr\libraries\Wire\utility" -I"D:\Github\Arduino\libraries\CommunicationUtils" -I"D:\Github\Arduino\libraries\AHRS" -I"D:\Github\Arduino\libraries\MPU6050" -MMD -MP -MF"arduino/malloc.c.d" -MT"arduino/malloc.c.d" -D__IN_ECLIPSE__=1 "C:/Program Files/Arduino/hardware/arduino/avr/cores/arduino/avr-libc/malloc.c"  -o  "arduino/malloc.c.o"
Finished building: C:/Program Files/Arduino/hardware/arduino/avr/cores/arduino/avr-libc/malloc.c
 
Building file: C:/Program Files/Arduino/hardware/arduino/avr/cores/arduino/avr-libc/realloc.c
Starting C compile
"C:/Program Files/Arduino/hardware/tools/avr/bin/avr-gcc" -c -g -Os -w -ffunction-sections -fdata-sections -MMD -mmcu=atmega2560 -DF_CPU=16000000L -DARDUINO=156-r2 -DARDUINO_AVR_MEGA2560 -DARDUINO_ARCH_AVR    -I"C:\Program Files\Arduino\hardware\arduino\avr\cores\arduino" -I"C:\Program Files\Arduino\hardware\arduino\avr\variants\mega" -I"D:\Github\Arduino\libraries\I2Cdev" -I"C:\Program Files\Arduino\hardware\arduino\avr\libraries\Wire" -I"C:\Program Files\Arduino\hardware\arduino\avr\libraries\Wire\utility" -I"D:\Github\Arduino\libraries\CommunicationUtils" -I"D:\Github\Arduino\libraries\AHRS" -I"D:\Github\Arduino\libraries\MPU6050" -MMD -MP -MF"arduino/realloc.c.d" -MT"arduino/realloc.c.d" -D__IN_ECLIPSE__=1 "C:/Program Files/Arduino/hardware/arduino/avr/cores/arduino/avr-libc/realloc.c"  -o  "arduino/realloc.c.o"
Finished building: C:/Program Files/Arduino/hardware/arduino/avr/cores/arduino/avr-libc/realloc.c
 
Building file: C:/Program Files/Arduino/hardware/arduino/avr/cores/arduino/CDC.cpp
Starting C++ compile
"C:/Program Files/Arduino/hardware/tools/avr/bin/avr-g++" -c -g -Os -w -fno-exceptions -ffunction-sections -fdata-sections -MMD -mmcu=atmega2560 -DF_CPU=16000000L -DARDUINO=156-r2 -DARDUINO_AVR_MEGA2560 -DARDUINO_ARCH_AVR    -I"C:\Program Files\Arduino\hardware\arduino\avr\cores\arduino" -I"C:\Program Files\Arduino\hardware\arduino\avr\variants\mega" -I"D:\Github\Arduino\libraries\I2Cdev" -I"C:\Program Files\Arduino\hardware\arduino\avr\libraries\Wire" -I"C:\Program Files\Arduino\hardware\arduino\avr\libraries\Wire\utility" -I"D:\Github\Arduino\libraries\CommunicationUtils" -I"D:\Github\Arduino\libraries\AHRS" -I"D:\Github\Arduino\libraries\MPU6050" -MMD -MP -MF"arduino/CDC.cpp.d" -MT"arduino/CDC.cpp.d" -D__IN_ECLIPSE__=1 -x c++ "C:/Program Files/Arduino/hardware/arduino/avr/cores/arduino/CDC.cpp"  -o  "arduino/CDC.cpp.o"
Finished building: C:/Program Files/Arduino/hardware/arduino/avr/cores/arduino/CDC.cpp
 
Building file: C:/Program Files/Arduino/hardware/arduino/avr/cores/arduino/HID.cpp
Starting C++ compile
"C:/Program Files/Arduino/hardware/tools/avr/bin/avr-g++" -c -g -Os -w -fno-exceptions -ffunction-sections -fdata-sections -MMD -mmcu=atmega2560 -DF_CPU=16000000L -DARDUINO=156-r2 -DARDUINO_AVR_MEGA2560 -DARDUINO_ARCH_AVR    -I"C:\Program Files\Arduino\hardware\arduino\avr\cores\arduino" -I"C:\Program Files\Arduino\hardware\arduino\avr\variants\mega" -I"D:\Github\Arduino\libraries\I2Cdev" -I"C:\Program Files\Arduino\hardware\arduino\avr\libraries\Wire" -I"C:\Program Files\Arduino\hardware\arduino\avr\libraries\Wire\utility" -I"D:\Github\Arduino\libraries\CommunicationUtils" -I"D:\Github\Arduino\libraries\AHRS" -I"D:\Github\Arduino\libraries\MPU6050" -MMD -MP -MF"arduino/HID.cpp.d" -MT"arduino/HID.cpp.d" -D__IN_ECLIPSE__=1 -x c++ "C:/Program Files/Arduino/hardware/arduino/avr/cores/arduino/HID.cpp"  -o  "arduino/HID.cpp.o"
Finished building: C:/Program Files/Arduino/hardware/arduino/avr/cores/arduino/HID.cpp
 
Building file: C:/Program Files/Arduino/hardware/arduino/avr/cores/arduino/HardwareSerial.cpp
Starting C++ compile
"C:/Program Files/Arduino/hardware/tools/avr/bin/avr-g++" -c -g -Os -w -fno-exceptions -ffunction-sections -fdata-sections -MMD -mmcu=atmega2560 -DF_CPU=16000000L -DARDUINO=156-r2 -DARDUINO_AVR_MEGA2560 -DARDUINO_ARCH_AVR    -I"C:\Program Files\Arduino\hardware\arduino\avr\cores\arduino" -I"C:\Program Files\Arduino\hardware\arduino\avr\variants\mega" -I"D:\Github\Arduino\libraries\I2Cdev" -I"C:\Program Files\Arduino\hardware\arduino\avr\libraries\Wire" -I"C:\Program Files\Arduino\hardware\arduino\avr\libraries\Wire\utility" -I"D:\Github\Arduino\libraries\CommunicationUtils" -I"D:\Github\Arduino\libraries\AHRS" -I"D:\Github\Arduino\libraries\MPU6050" -MMD -MP -MF"arduino/HardwareSerial.cpp.d" -MT"arduino/HardwareSerial.cpp.d" -D__IN_ECLIPSE__=1 -x c++ "C:/Program Files/Arduino/hardware/arduino/avr/cores/arduino/HardwareSerial.cpp"  -o  "arduino/HardwareSerial.cpp.o"
Finished building: C:/Program Files/Arduino/hardware/arduino/avr/cores/arduino/HardwareSerial.cpp
 
Building file: C:/Program Files/Arduino/hardware/arduino/avr/cores/arduino/HardwareSerial0.cpp
Starting C++ compile
"C:/Program Files/Arduino/hardware/tools/avr/bin/avr-g++" -c -g -Os -w -fno-exceptions -ffunction-sections -fdata-sections -MMD -mmcu=atmega2560 -DF_CPU=16000000L -DARDUINO=156-r2 -DARDUINO_AVR_MEGA2560 -DARDUINO_ARCH_AVR    -I"C:\Program Files\Arduino\hardware\arduino\avr\cores\arduino" -I"C:\Program Files\Arduino\hardware\arduino\avr\variants\mega" -I"D:\Github\Arduino\libraries\I2Cdev" -I"C:\Program Files\Arduino\hardware\arduino\avr\libraries\Wire" -I"C:\Program Files\Arduino\hardware\arduino\avr\libraries\Wire\utility" -I"D:\Github\Arduino\libraries\CommunicationUtils" -I"D:\Github\Arduino\libraries\AHRS" -I"D:\Github\Arduino\libraries\MPU6050" -MMD -MP -MF"arduino/HardwareSerial0.cpp.d" -MT"arduino/HardwareSerial0.cpp.d" -D__IN_ECLIPSE__=1 -x c++ "C:/Program Files/Arduino/hardware/arduino/avr/cores/arduino/HardwareSerial0.cpp"  -o  "arduino/HardwareSerial0.cpp.o"
Finished building: C:/Program Files/Arduino/hardware/arduino/avr/cores/arduino/HardwareSerial0.cpp
 
Building file: C:/Program Files/Arduino/hardware/arduino/avr/cores/arduino/HardwareSerial1.cpp
Starting C++ compile
"C:/Program Files/Arduino/hardware/tools/avr/bin/avr-g++" -c -g -Os -w -fno-exceptions -ffunction-sections -fdata-sections -MMD -mmcu=atmega2560 -DF_CPU=16000000L -DARDUINO=156-r2 -DARDUINO_AVR_MEGA2560 -DARDUINO_ARCH_AVR    -I"C:\Program Files\Arduino\hardware\arduino\avr\cores\arduino" -I"C:\Program Files\Arduino\hardware\arduino\avr\variants\mega" -I"D:\Github\Arduino\libraries\I2Cdev" -I"C:\Program Files\Arduino\hardware\arduino\avr\libraries\Wire" -I"C:\Program Files\Arduino\hardware\arduino\avr\libraries\Wire\utility" -I"D:\Github\Arduino\libraries\CommunicationUtils" -I"D:\Github\Arduino\libraries\AHRS" -I"D:\Github\Arduino\libraries\MPU6050" -MMD -MP -MF"arduino/HardwareSerial1.cpp.d" -MT"arduino/HardwareSerial1.cpp.d" -D__IN_ECLIPSE__=1 -x c++ "C:/Program Files/Arduino/hardware/arduino/avr/cores/arduino/HardwareSerial1.cpp"  -o  "arduino/HardwareSerial1.cpp.o"
Finished building: C:/Program Files/Arduino/hardware/arduino/avr/cores/arduino/HardwareSerial1.cpp
 
Building file: C:/Program Files/Arduino/hardware/arduino/avr/cores/arduino/HardwareSerial2.cpp
Starting C++ compile
"C:/Program Files/Arduino/hardware/tools/avr/bin/avr-g++" -c -g -Os -w -fno-exceptions -ffunction-sections -fdata-sections -MMD -mmcu=atmega2560 -DF_CPU=16000000L -DARDUINO=156-r2 -DARDUINO_AVR_MEGA2560 -DARDUINO_ARCH_AVR    -I"C:\Program Files\Arduino\hardware\arduino\avr\cores\arduino" -I"C:\Program Files\Arduino\hardware\arduino\avr\variants\mega" -I"D:\Github\Arduino\libraries\I2Cdev" -I"C:\Program Files\Arduino\hardware\arduino\avr\libraries\Wire" -I"C:\Program Files\Arduino\hardware\arduino\avr\libraries\Wire\utility" -I"D:\Github\Arduino\libraries\CommunicationUtils" -I"D:\Github\Arduino\libraries\AHRS" -I"D:\Github\Arduino\libraries\MPU6050" -MMD -MP -MF"arduino/HardwareSerial2.cpp.d" -MT"arduino/HardwareSerial2.cpp.d" -D__IN_ECLIPSE__=1 -x c++ "C:/Program Files/Arduino/hardware/arduino/avr/cores/arduino/HardwareSerial2.cpp"  -o  "arduino/HardwareSerial2.cpp.o"
Finished building: C:/Program Files/Arduino/hardware/arduino/avr/cores/arduino/HardwareSerial2.cpp
 
Building file: C:/Program Files/Arduino/hardware/arduino/avr/cores/arduino/HardwareSerial3.cpp
Starting C++ compile
"C:/Program Files/Arduino/hardware/tools/avr/bin/avr-g++" -c -g -Os -w -fno-exceptions -ffunction-sections -fdata-sections -MMD -mmcu=atmega2560 -DF_CPU=16000000L -DARDUINO=156-r2 -DARDUINO_AVR_MEGA2560 -DARDUINO_ARCH_AVR    -I"C:\Program Files\Arduino\hardware\arduino\avr\cores\arduino" -I"C:\Program Files\Arduino\hardware\arduino\avr\variants\mega" -I"D:\Github\Arduino\libraries\I2Cdev" -I"C:\Program Files\Arduino\hardware\arduino\avr\libraries\Wire" -I"C:\Program Files\Arduino\hardware\arduino\avr\libraries\Wire\utility" -I"D:\Github\Arduino\libraries\CommunicationUtils" -I"D:\Github\Arduino\libraries\AHRS" -I"D:\Github\Arduino\libraries\MPU6050" -MMD -MP -MF"arduino/HardwareSerial3.cpp.d" -MT"arduino/HardwareSerial3.cpp.d" -D__IN_ECLIPSE__=1 -x c++ "C:/Program Files/Arduino/hardware/arduino/avr/cores/arduino/HardwareSerial3.cpp"  -o  "arduino/HardwareSerial3.cpp.o"
Finished building: C:/Program Files/Arduino/hardware/arduino/avr/cores/arduino/HardwareSerial3.cpp
 
Building file: C:/Program Files/Arduino/hardware/arduino/avr/cores/arduino/IPAddress.cpp
Starting C++ compile
"C:/Program Files/Arduino/hardware/tools/avr/bin/avr-g++" -c -g -Os -w -fno-exceptions -ffunction-sections -fdata-sections -MMD -mmcu=atmega2560 -DF_CPU=16000000L -DARDUINO=156-r2 -DARDUINO_AVR_MEGA2560 -DARDUINO_ARCH_AVR    -I"C:\Program Files\Arduino\hardware\arduino\avr\cores\arduino" -I"C:\Program Files\Arduino\hardware\arduino\avr\variants\mega" -I"D:\Github\Arduino\libraries\I2Cdev" -I"C:\Program Files\Arduino\hardware\arduino\avr\libraries\Wire" -I"C:\Program Files\Arduino\hardware\arduino\avr\libraries\Wire\utility" -I"D:\Github\Arduino\libraries\CommunicationUtils" -I"D:\Github\Arduino\libraries\AHRS" -I"D:\Github\Arduino\libraries\MPU6050" -MMD -MP -MF"arduino/IPAddress.cpp.d" -MT"arduino/IPAddress.cpp.d" -D__IN_ECLIPSE__=1 -x c++ "C:/Program Files/Arduino/hardware/arduino/avr/cores/arduino/IPAddress.cpp"  -o  "arduino/IPAddress.cpp.o"
Finished building: C:/Program Files/Arduino/hardware/arduino/avr/cores/arduino/IPAddress.cpp
 
Building file: C:/Program Files/Arduino/hardware/arduino/avr/cores/arduino/Print.cpp
Starting C++ compile
"C:/Program Files/Arduino/hardware/tools/avr/bin/avr-g++" -c -g -Os -w -fno-exceptions -ffunction-sections -fdata-sections -MMD -mmcu=atmega2560 -DF_CPU=16000000L -DARDUINO=156-r2 -DARDUINO_AVR_MEGA2560 -DARDUINO_ARCH_AVR    -I"C:\Program Files\Arduino\hardware\arduino\avr\cores\arduino" -I"C:\Program Files\Arduino\hardware\arduino\avr\variants\mega" -I"D:\Github\Arduino\libraries\I2Cdev" -I"C:\Program Files\Arduino\hardware\arduino\avr\libraries\Wire" -I"C:\Program Files\Arduino\hardware\arduino\avr\libraries\Wire\utility" -I"D:\Github\Arduino\libraries\CommunicationUtils" -I"D:\Github\Arduino\libraries\AHRS" -I"D:\Github\Arduino\libraries\MPU6050" -MMD -MP -MF"arduino/Print.cpp.d" -MT"arduino/Print.cpp.d" -D__IN_ECLIPSE__=1 -x c++ "C:/Program Files/Arduino/hardware/arduino/avr/cores/arduino/Print.cpp"  -o  "arduino/Print.cpp.o"
Finished building: C:/Program Files/Arduino/hardware/arduino/avr/cores/arduino/Print.cpp
 
Building file: C:/Program Files/Arduino/hardware/arduino/avr/cores/arduino/Stream.cpp
Starting C++ compile
"C:/Program Files/Arduino/hardware/tools/avr/bin/avr-g++" -c -g -Os -w -fno-exceptions -ffunction-sections -fdata-sections -MMD -mmcu=atmega2560 -DF_CPU=16000000L -DARDUINO=156-r2 -DARDUINO_AVR_MEGA2560 -DARDUINO_ARCH_AVR    -I"C:\Program Files\Arduino\hardware\arduino\avr\cores\arduino" -I"C:\Program Files\Arduino\hardware\arduino\avr\variants\mega" -I"D:\Github\Arduino\libraries\I2Cdev" -I"C:\Program Files\Arduino\hardware\arduino\avr\libraries\Wire" -I"C:\Program Files\Arduino\hardware\arduino\avr\libraries\Wire\utility" -I"D:\Github\Arduino\libraries\CommunicationUtils" -I"D:\Github\Arduino\libraries\AHRS" -I"D:\Github\Arduino\libraries\MPU6050" -MMD -MP -MF"arduino/Stream.cpp.d" -MT"arduino/Stream.cpp.d" -D__IN_ECLIPSE__=1 -x c++ "C:/Program Files/Arduino/hardware/arduino/avr/cores/arduino/Stream.cpp"  -o  "arduino/Stream.cpp.o"
Finished building: C:/Program Files/Arduino/hardware/arduino/avr/cores/arduino/Stream.cpp
 
Building file: C:/Program Files/Arduino/hardware/arduino/avr/cores/arduino/Tone.cpp
Starting C++ compile
"C:/Program Files/Arduino/hardware/tools/avr/bin/avr-g++" -c -g -Os -w -fno-exceptions -ffunction-sections -fdata-sections -MMD -mmcu=atmega2560 -DF_CPU=16000000L -DARDUINO=156-r2 -DARDUINO_AVR_MEGA2560 -DARDUINO_ARCH_AVR    -I"C:\Program Files\Arduino\hardware\arduino\avr\cores\arduino" -I"C:\Program Files\Arduino\hardware\arduino\avr\variants\mega" -I"D:\Github\Arduino\libraries\I2Cdev" -I"C:\Program Files\Arduino\hardware\arduino\avr\libraries\Wire" -I"C:\Program Files\Arduino\hardware\arduino\avr\libraries\Wire\utility" -I"D:\Github\Arduino\libraries\CommunicationUtils" -I"D:\Github\Arduino\libraries\AHRS" -I"D:\Github\Arduino\libraries\MPU6050" -MMD -MP -MF"arduino/Tone.cpp.d" -MT"arduino/Tone.cpp.d" -D__IN_ECLIPSE__=1 -x c++ "C:/Program Files/Arduino/hardware/arduino/avr/cores/arduino/Tone.cpp"  -o  "arduino/Tone.cpp.o"
Finished building: C:/Program Files/Arduino/hardware/arduino/avr/cores/arduino/Tone.cpp
 
Building file: C:/Program Files/Arduino/hardware/arduino/avr/cores/arduino/USBCore.cpp
Starting C++ compile
"C:/Program Files/Arduino/hardware/tools/avr/bin/avr-g++" -c -g -Os -w -fno-exceptions -ffunction-sections -fdata-sections -MMD -mmcu=atmega2560 -DF_CPU=16000000L -DARDUINO=156-r2 -DARDUINO_AVR_MEGA2560 -DARDUINO_ARCH_AVR    -I"C:\Program Files\Arduino\hardware\arduino\avr\cores\arduino" -I"C:\Program Files\Arduino\hardware\arduino\avr\variants\mega" -I"D:\Github\Arduino\libraries\I2Cdev" -I"C:\Program Files\Arduino\hardware\arduino\avr\libraries\Wire" -I"C:\Program Files\Arduino\hardware\arduino\avr\libraries\Wire\utility" -I"D:\Github\Arduino\libraries\CommunicationUtils" -I"D:\Github\Arduino\libraries\AHRS" -I"D:\Github\Arduino\libraries\MPU6050" -MMD -MP -MF"arduino/USBCore.cpp.d" -MT"arduino/USBCore.cpp.d" -D__IN_ECLIPSE__=1 -x c++ "C:/Program Files/Arduino/hardware/arduino/avr/cores/arduino/USBCore.cpp"  -o  "arduino/USBCore.cpp.o"
Finished building: C:/Program Files/Arduino/hardware/arduino/avr/cores/arduino/USBCore.cpp
 
Building file: C:/Program Files/Arduino/hardware/arduino/avr/cores/arduino/WInterrupts.c
Starting C compile
"C:/Program Files/Arduino/hardware/tools/avr/bin/avr-gcc" -c -g -Os -w -ffunction-sections -fdata-sections -MMD -mmcu=atmega2560 -DF_CPU=16000000L -DARDUINO=156-r2 -DARDUINO_AVR_MEGA2560 -DARDUINO_ARCH_AVR    -I"C:\Program Files\Arduino\hardware\arduino\avr\cores\arduino" -I"C:\Program Files\Arduino\hardware\arduino\avr\variants\mega" -I"D:\Github\Arduino\libraries\I2Cdev" -I"C:\Program Files\Arduino\hardware\arduino\avr\libraries\Wire" -I"C:\Program Files\Arduino\hardware\arduino\avr\libraries\Wire\utility" -I"D:\Github\Arduino\libraries\CommunicationUtils" -I"D:\Github\Arduino\libraries\AHRS" -I"D:\Github\Arduino\libraries\MPU6050" -MMD -MP -MF"arduino/WInterrupts.c.d" -MT"arduino/WInterrupts.c.d" -D__IN_ECLIPSE__=1 "C:/Program Files/Arduino/hardware/arduino/avr/cores/arduino/WInterrupts.c"  -o  "arduino/WInterrupts.c.o"
Finished building: C:/Program Files/Arduino/hardware/arduino/avr/cores/arduino/WInterrupts.c
 
Building file: C:/Program Files/Arduino/hardware/arduino/avr/cores/arduino/WMath.cpp
Starting C++ compile
"C:/Program Files/Arduino/hardware/tools/avr/bin/avr-g++" -c -g -Os -w -fno-exceptions -ffunction-sections -fdata-sections -MMD -mmcu=atmega2560 -DF_CPU=16000000L -DARDUINO=156-r2 -DARDUINO_AVR_MEGA2560 -DARDUINO_ARCH_AVR    -I"C:\Program Files\Arduino\hardware\arduino\avr\cores\arduino" -I"C:\Program Files\Arduino\hardware\arduino\avr\variants\mega" -I"D:\Github\Arduino\libraries\I2Cdev" -I"C:\Program Files\Arduino\hardware\arduino\avr\libraries\Wire" -I"C:\Program Files\Arduino\hardware\arduino\avr\libraries\Wire\utility" -I"D:\Github\Arduino\libraries\CommunicationUtils" -I"D:\Github\Arduino\libraries\AHRS" -I"D:\Github\Arduino\libraries\MPU6050" -MMD -MP -MF"arduino/WMath.cpp.d" -MT"arduino/WMath.cpp.d" -D__IN_ECLIPSE__=1 -x c++ "C:/Program Files/Arduino/hardware/arduino/avr/cores/arduino/WMath.cpp"  -o  "arduino/WMath.cpp.o"
Finished building: C:/Program Files/Arduino/hardware/arduino/avr/cores/arduino/WMath.cpp
 
Building file: C:/Program Files/Arduino/hardware/arduino/avr/cores/arduino/WString.cpp
Starting C++ compile
"C:/Program Files/Arduino/hardware/tools/avr/bin/avr-g++" -c -g -Os -w -fno-exceptions -ffunction-sections -fdata-sections -MMD -mmcu=atmega2560 -DF_CPU=16000000L -DARDUINO=156-r2 -DARDUINO_AVR_MEGA2560 -DARDUINO_ARCH_AVR    -I"C:\Program Files\Arduino\hardware\arduino\avr\cores\arduino" -I"C:\Program Files\Arduino\hardware\arduino\avr\variants\mega" -I"D:\Github\Arduino\libraries\I2Cdev" -I"C:\Program Files\Arduino\hardware\arduino\avr\libraries\Wire" -I"C:\Program Files\Arduino\hardware\arduino\avr\libraries\Wire\utility" -I"D:\Github\Arduino\libraries\CommunicationUtils" -I"D:\Github\Arduino\libraries\AHRS" -I"D:\Github\Arduino\libraries\MPU6050" -MMD -MP -MF"arduino/WString.cpp.d" -MT"arduino/WString.cpp.d" -D__IN_ECLIPSE__=1 -x c++ "C:/Program Files/Arduino/hardware/arduino/avr/cores/arduino/WString.cpp"  -o  "arduino/WString.cpp.o"
Finished building: C:/Program Files/Arduino/hardware/arduino/avr/cores/arduino/WString.cpp
 
Building file: C:/Program Files/Arduino/hardware/arduino/avr/cores/arduino/hooks.c
Starting C compile
"C:/Program Files/Arduino/hardware/tools/avr/bin/avr-gcc" -c -g -Os -w -ffunction-sections -fdata-sections -MMD -mmcu=atmega2560 -DF_CPU=16000000L -DARDUINO=156-r2 -DARDUINO_AVR_MEGA2560 -DARDUINO_ARCH_AVR    -I"C:\Program Files\Arduino\hardware\arduino\avr\cores\arduino" -I"C:\Program Files\Arduino\hardware\arduino\avr\variants\mega" -I"D:\Github\Arduino\libraries\I2Cdev" -I"C:\Program Files\Arduino\hardware\arduino\avr\libraries\Wire" -I"C:\Program Files\Arduino\hardware\arduino\avr\libraries\Wire\utility" -I"D:\Github\Arduino\libraries\CommunicationUtils" -I"D:\Github\Arduino\libraries\AHRS" -I"D:\Github\Arduino\libraries\MPU6050" -MMD -MP -MF"arduino/hooks.c.d" -MT"arduino/hooks.c.d" -D__IN_ECLIPSE__=1 "C:/Program Files/Arduino/hardware/arduino/avr/cores/arduino/hooks.c"  -o  "arduino/hooks.c.o"
Finished building: C:/Program Files/Arduino/hardware/arduino/avr/cores/arduino/hooks.c
 
Building file: C:/Program Files/Arduino/hardware/arduino/avr/cores/arduino/main.cpp
Starting C++ compile
"C:/Program Files/Arduino/hardware/tools/avr/bin/avr-g++" -c -g -Os -w -fno-exceptions -ffunction-sections -fdata-sections -MMD -mmcu=atmega2560 -DF_CPU=16000000L -DARDUINO=156-r2 -DARDUINO_AVR_MEGA2560 -DARDUINO_ARCH_AVR    -I"C:\Program Files\Arduino\hardware\arduino\avr\cores\arduino" -I"C:\Program Files\Arduino\hardware\arduino\avr\variants\mega" -I"D:\Github\Arduino\libraries\I2Cdev" -I"C:\Program Files\Arduino\hardware\arduino\avr\libraries\Wire" -I"C:\Program Files\Arduino\hardware\arduino\avr\libraries\Wire\utility" -I"D:\Github\Arduino\libraries\CommunicationUtils" -I"D:\Github\Arduino\libraries\AHRS" -I"D:\Github\Arduino\libraries\MPU6050" -MMD -MP -MF"arduino/main.cpp.d" -MT"arduino/main.cpp.d" -D__IN_ECLIPSE__=1 -x c++ "C:/Program Files/Arduino/hardware/arduino/avr/cores/arduino/main.cpp"  -o  "arduino/main.cpp.o"
Finished building: C:/Program Files/Arduino/hardware/arduino/avr/cores/arduino/main.cpp
 
Building file: C:/Program Files/Arduino/hardware/arduino/avr/cores/arduino/new.cpp
Starting C++ compile
"C:/Program Files/Arduino/hardware/tools/avr/bin/avr-g++" -c -g -Os -w -fno-exceptions -ffunction-sections -fdata-sections -MMD -mmcu=atmega2560 -DF_CPU=16000000L -DARDUINO=156-r2 -DARDUINO_AVR_MEGA2560 -DARDUINO_ARCH_AVR    -I"C:\Program Files\Arduino\hardware\arduino\avr\cores\arduino" -I"C:\Program Files\Arduino\hardware\arduino\avr\variants\mega" -I"D:\Github\Arduino\libraries\I2Cdev" -I"C:\Program Files\Arduino\hardware\arduino\avr\libraries\Wire" -I"C:\Program Files\Arduino\hardware\arduino\avr\libraries\Wire\utility" -I"D:\Github\Arduino\libraries\CommunicationUtils" -I"D:\Github\Arduino\libraries\AHRS" -I"D:\Github\Arduino\libraries\MPU6050" -MMD -MP -MF"arduino/new.cpp.d" -MT"arduino/new.cpp.d" -D__IN_ECLIPSE__=1 -x c++ "C:/Program Files/Arduino/hardware/arduino/avr/cores/arduino/new.cpp"  -o  "arduino/new.cpp.o"
Finished building: C:/Program Files/Arduino/hardware/arduino/avr/cores/arduino/new.cpp
 
Building file: C:/Program Files/Arduino/hardware/arduino/avr/cores/arduino/wiring.c
Starting C compile
"C:/Program Files/Arduino/hardware/tools/avr/bin/avr-gcc" -c -g -Os -w -ffunction-sections -fdata-sections -MMD -mmcu=atmega2560 -DF_CPU=16000000L -DARDUINO=156-r2 -DARDUINO_AVR_MEGA2560 -DARDUINO_ARCH_AVR    -I"C:\Program Files\Arduino\hardware\arduino\avr\cores\arduino" -I"C:\Program Files\Arduino\hardware\arduino\avr\variants\mega" -I"D:\Github\Arduino\libraries\I2Cdev" -I"C:\Program Files\Arduino\hardware\arduino\avr\libraries\Wire" -I"C:\Program Files\Arduino\hardware\arduino\avr\libraries\Wire\utility" -I"D:\Github\Arduino\libraries\CommunicationUtils" -I"D:\Github\Arduino\libraries\AHRS" -I"D:\Github\Arduino\libraries\MPU6050" -MMD -MP -MF"arduino/wiring.c.d" -MT"arduino/wiring.c.d" -D__IN_ECLIPSE__=1 "C:/Program Files/Arduino/hardware/arduino/avr/cores/arduino/wiring.c"  -o  "arduino/wiring.c.o"
Finished building: C:/Program Files/Arduino/hardware/arduino/avr/cores/arduino/wiring.c
 
Building file: C:/Program Files/Arduino/hardware/arduino/avr/cores/arduino/wiring_analog.c
Starting C compile
"C:/Program Files/Arduino/hardware/tools/avr/bin/avr-gcc" -c -g -Os -w -ffunction-sections -fdata-sections -MMD -mmcu=atmega2560 -DF_CPU=16000000L -DARDUINO=156-r2 -DARDUINO_AVR_MEGA2560 -DARDUINO_ARCH_AVR    -I"C:\Program Files\Arduino\hardware\arduino\avr\cores\arduino" -I"C:\Program Files\Arduino\hardware\arduino\avr\variants\mega" -I"D:\Github\Arduino\libraries\I2Cdev" -I"C:\Program Files\Arduino\hardware\arduino\avr\libraries\Wire" -I"C:\Program Files\Arduino\hardware\arduino\avr\libraries\Wire\utility" -I"D:\Github\Arduino\libraries\CommunicationUtils" -I"D:\Github\Arduino\libraries\AHRS" -I"D:\Github\Arduino\libraries\MPU6050" -MMD -MP -MF"arduino/wiring_analog.c.d" -MT"arduino/wiring_analog.c.d" -D__IN_ECLIPSE__=1 "C:/Program Files/Arduino/hardware/arduino/avr/cores/arduino/wiring_analog.c"  -o  "arduino/wiring_analog.c.o"
Finished building: C:/Program Files/Arduino/hardware/arduino/avr/cores/arduino/wiring_analog.c
 
Building file: C:/Program Files/Arduino/hardware/arduino/avr/cores/arduino/wiring_digital.c
Starting C compile
"C:/Program Files/Arduino/hardware/tools/avr/bin/avr-gcc" -c -g -Os -w -ffunction-sections -fdata-sections -MMD -mmcu=atmega2560 -DF_CPU=16000000L -DARDUINO=156-r2 -DARDUINO_AVR_MEGA2560 -DARDUINO_ARCH_AVR    -I"C:\Program Files\Arduino\hardware\arduino\avr\cores\arduino" -I"C:\Program Files\Arduino\hardware\arduino\avr\variants\mega" -I"D:\Github\Arduino\libraries\I2Cdev" -I"C:\Program Files\Arduino\hardware\arduino\avr\libraries\Wire" -I"C:\Program Files\Arduino\hardware\arduino\avr\libraries\Wire\utility" -I"D:\Github\Arduino\libraries\CommunicationUtils" -I"D:\Github\Arduino\libraries\AHRS" -I"D:\Github\Arduino\libraries\MPU6050" -MMD -MP -MF"arduino/wiring_digital.c.d" -MT"arduino/wiring_digital.c.d" -D__IN_ECLIPSE__=1 "C:/Program Files/Arduino/hardware/arduino/avr/cores/arduino/wiring_digital.c"  -o  "arduino/wiring_digital.c.o"
Finished building: C:/Program Files/Arduino/hardware/arduino/avr/cores/arduino/wiring_digital.c
 
Building file: C:/Program Files/Arduino/hardware/arduino/avr/cores/arduino/wiring_pulse.c
Starting C compile
"C:/Program Files/Arduino/hardware/tools/avr/bin/avr-gcc" -c -g -Os -w -ffunction-sections -fdata-sections -MMD -mmcu=atmega2560 -DF_CPU=16000000L -DARDUINO=156-r2 -DARDUINO_AVR_MEGA2560 -DARDUINO_ARCH_AVR    -I"C:\Program Files\Arduino\hardware\arduino\avr\cores\arduino" -I"C:\Program Files\Arduino\hardware\arduino\avr\variants\mega" -I"D:\Github\Arduino\libraries\I2Cdev" -I"C:\Program Files\Arduino\hardware\arduino\avr\libraries\Wire" -I"C:\Program Files\Arduino\hardware\arduino\avr\libraries\Wire\utility" -I"D:\Github\Arduino\libraries\CommunicationUtils" -I"D:\Github\Arduino\libraries\AHRS" -I"D:\Github\Arduino\libraries\MPU6050" -MMD -MP -MF"arduino/wiring_pulse.c.d" -MT"arduino/wiring_pulse.c.d" -D__IN_ECLIPSE__=1 "C:/Program Files/Arduino/hardware/arduino/avr/cores/arduino/wiring_pulse.c"  -o  "arduino/wiring_pulse.c.o"
Finished building: C:/Program Files/Arduino/hardware/arduino/avr/cores/arduino/wiring_pulse.c
 
Building file: C:/Program Files/Arduino/hardware/arduino/avr/cores/arduino/wiring_shift.c
Starting C compile
"C:/Program Files/Arduino/hardware/tools/avr/bin/avr-gcc" -c -g -Os -w -ffunction-sections -fdata-sections -MMD -mmcu=atmega2560 -DF_CPU=16000000L -DARDUINO=156-r2 -DARDUINO_AVR_MEGA2560 -DARDUINO_ARCH_AVR    -I"C:\Program Files\Arduino\hardware\arduino\avr\cores\arduino" -I"C:\Program Files\Arduino\hardware\arduino\avr\variants\mega" -I"D:\Github\Arduino\libraries\I2Cdev" -I"C:\Program Files\Arduino\hardware\arduino\avr\libraries\Wire" -I"C:\Program Files\Arduino\hardware\arduino\avr\libraries\Wire\utility" -I"D:\Github\Arduino\libraries\CommunicationUtils" -I"D:\Github\Arduino\libraries\AHRS" -I"D:\Github\Arduino\libraries\MPU6050" -MMD -MP -MF"arduino/wiring_shift.c.d" -MT"arduino/wiring_shift.c.d" -D__IN_ECLIPSE__=1 "C:/Program Files/Arduino/hardware/arduino/avr/cores/arduino/wiring_shift.c"  -o  "arduino/wiring_shift.c.o"
Finished building: C:/Program Files/Arduino/hardware/arduino/avr/cores/arduino/wiring_shift.c
 
Starting archiver
"C:/Program Files/Arduino/hardware/tools/avr/bin/avr-ar" rcs "D:/Github/Eclipse/MotionTrack/Release/arduino.ar"    ./arduino/malloc.c.o ./arduino/realloc.c.o  ./arduino/CDC.cpp.o ./arduino/HID.cpp.o ./arduino/HardwareSerial.cpp.o ./arduino/HardwareSerial0.cpp.o ./arduino/HardwareSerial1.cpp.o ./arduino/HardwareSerial2.cpp.o ./arduino/HardwareSerial3.cpp.o ./arduino/IPAddress.cpp.o ./arduino/Print.cpp.o ./arduino/Stream.cpp.o ./arduino/Tone.cpp.o ./arduino/USBCore.cpp.o ./arduino/WInterrupts.c.o ./arduino/WMath.cpp.o ./arduino/WString.cpp.o ./arduino/hooks.c.o ./arduino/main.cpp.o ./arduino/new.cpp.o ./arduino/wiring.c.o ./arduino/wiring_analog.c.o ./arduino/wiring_digital.c.o ./arduino/wiring_pulse.c.o ./arduino/wiring_shift.c.o 
Finished building: D:/Github/Eclipse/MotionTrack/Release/arduino.ar
 
Starting combiner
"C:/Program Files/Arduino/hardware/tools/avr/bin/avr-gcc" -Os -Wl,--gc-sections -mmcu=atmega2560 -o "D:/Github/Eclipse/MotionTrack/Release/MotionTrack.elf"    ./MotionTrack.cpp.o  ./Libraries/Wire/utility/twi.c.o  ./Libraries/Wire/Wire.cpp.o  ./Libraries/MPU6050/MPU6050.cpp.o  ./Libraries/I2Cdev/I2Cdev.cpp.o  ./Libraries/CommunicationUtils/CommunicationUtils.cpp.o  ./Libraries/AHRS/AHRS.cpp.o   D:/Github/Eclipse/MotionTrack/Release/arduino.ar   "D:/Github/Eclipse/MotionTrack/Release/arduino.ar" "-LD:/Github/Eclipse/MotionTrack/Release" -lm
Finished building: MotionTrack.elf
 
Create eeprom image
"C:/Program Files/Arduino/hardware/tools/avr/bin/avr-objcopy" -O ihex -j .eeprom --set-section-flags=.eeprom=alloc,load --no-change-warnings --change-section-lma .eeprom=0 "D:/Github/Eclipse/MotionTrack/Release/MotionTrack.elf" "D:/Github/Eclipse/MotionTrack/Release/MotionTrack.eep"
Finished building: MotionTrack.eep
 
Create Flash image (ihex format)
"C:/Program Files/Arduino/hardware/tools/avr/bin/avr-objcopy" -O ihex -R .eeprom "D:/Github/Eclipse/MotionTrack/Release/MotionTrack.elf" "D:/Github/Eclipse/MotionTrack/Release/MotionTrack.hex"
Finished building: MotionTrack.hex
 
Building target: MotionTrack
Printing size:
"C:/Program Files/Arduino/hardware/tools/avr/bin/avr-size" -A "D:/Github/Eclipse/MotionTrack/Release/MotionTrack.elf"
D:/Github/Eclipse/MotionTrack/Release/MotionTrack.elf  :
section             size      addr
.data                 66   8389120
.text              16386         0
.bss                 587   8389186
.debug_aranges      3544         0
.debug_pubnames    11957         0
.debug_info        68242         0
.debug_abbrev       7673         0
.debug_line        25992         0
.debug_frame        6576         0
.debug_str         23593         0
.debug_loc         28875         0
.debug_ranges       3496         0
Total             196987


Finished building target: MotionTrack
 

03:28:06 Build Finished (took 17s.10ms)

